
Showing logs for build [32mcb-kubecd-environment-pr-208-13-8h46q-1[0m stage [32mfrom-build-pack[0m and container [32mstep-credential-initializer-k5b8m[0m
{"level":"info","ts":1587632536.8958666,"logger":"fallback-logger","caller":"logging/config.go:69","msg":"Fetch GitHub commit ID from kodata failed: open /var/run/ko/refs/heads/0.8.0-ns-support: no such file or directory"}
{"level":"info","ts":1587632536.8967738,"logger":"fallback-logger","caller":"creds-init/main.go:40","msg":"Credentials initialized."}

Showing logs for build [32mcb-kubecd-environment-pr-208-13-8h46q-1[0m stage [32mfrom-build-pack[0m and container [32mstep-working-dir-initializer-w6l6z[0m
{"level":"info","ts":1587632537.4446778,"logger":"fallback-logger","caller":"logging/config.go:69","msg":"Fetch GitHub commit ID from kodata failed: open /var/run/ko/HEAD: no such file or directory"}
{"level":"info","ts":1587632537.446565,"logger":"fallback-logger","caller":"bash/main.go:64","msg":"Successfully executed command \"sh -c mkdir -p /workspace/source\"; output "}

Showing logs for build [32mcb-kubecd-environment-pr-208-13-8h46q-1[0m stage [32mfrom-build-pack[0m and container [32mstep-place-tools[0m

Showing logs for build [32mcb-kubecd-environment-pr-208-13-8h46q-1[0m stage [32mfrom-build-pack[0m and container [32mstep-git-source-cb-kubecd-environment-pr-208-13-8h46q-gx2qm[0m
{"level":"info","ts":1587632543.5166612,"logger":"fallback-logger","caller":"logging/config.go:69","msg":"Fetch GitHub commit ID from kodata failed: open /var/run/ko/refs/heads/0.8.0-ns-support: no such file or directory"}
{"level":"info","ts":1587632544.5524018,"logger":"fallback-logger","caller":"git/git.go:103","msg":"Successfully cloned https://github.com/cb-kubecd/environment-pr-208-13-boot-gke-production.git @ master in path /workspace/source"}

Showing logs for build [32mcb-kubecd-environment-pr-208-13-8h46q-1[0m stage [32mfrom-build-pack[0m and container [32mstep-git-merge[0m
Using SHAs from PULL_REFS=master:1cea15383707ae0d2ab65c8669031b0b9733eae1,1:859679f5e3399d9aee296f2ea05bd1e4d64e2019
DEBUG: LC_ALL=C JX_LOG_LEVEL=error git fetch origin --unshallow 859679f5e3399d9aee296f2ea05bd1e4d64e2019: 1cea15383707ae0d2ab65c8669031b0b9733eae1:
DEBUG: ran git fetch --unshallow origin 859679f5e3399d9aee296f2ea05bd1e4d64e2019: 1cea15383707ae0d2ab65c8669031b0b9733eae1: in 
DEBUG: LC_ALL=C JX_LOG_LEVEL=error git branch
DEBUG: LC_ALL=C JX_LOG_LEVEL=error git checkout master
DEBUG: ran git checkout master in 
DEBUG: LC_ALL=C JX_LOG_LEVEL=error git reset --hard 1cea15383707ae0d2ab65c8669031b0b9733eae1
DEBUG: ran git reset --hard 1cea15383707ae0d2ab65c8669031b0b9733eae1 in 
DEBUG: LC_ALL=C JX_LOG_LEVEL=error git clean -fd .
DEBUG: ran clean --force -d . in 
DEBUG: JX_LOG_LEVEL=error LC_ALL=C git merge 859679f5e3399d9aee296f2ea05bd1e4d64e2019
DEBUG: ran git merge 859679f5e3399d9aee296f2ea05bd1e4d64e2019 in 
DEBUG: LC_ALL=C JX_LOG_LEVEL=error git log --format=%H%x1f%an%x1f%ae%x1f%cn%x1f%ce%x1f%s%n%b%x1e 1cea15383707ae0d2ab65c8669031b0b9733eae1..HEAD
Merged SHA 859679f5e3399d9aee296f2ea05bd1e4d64e2019 with commit message 'chore: Promote bdd-spring-1587631523 to version 0.0.1' into base branch master

Showing logs for build [32mcb-kubecd-environment-pr-208-13-8h46q-1[0m stage [32mfrom-build-pack[0m and container [32mstep-build-helm-build[0m
WARNING: No $CHART_REPOSITORY defined so using the default value of: http://jenkins-x-chartmuseum:8080
Adding missing Helm repo: storage.googleapis.com https://storage.googleapis.com/chartmuseum.jenkins-x.io
WARNING: No secrets found on "helm/repos" due: reading the secret "helm/repos" from vault: no secret "helm/repos" not found in vault
Read credentials for https://storage.googleapis.com/chartmuseum.jenkins-x.io from vault helm/repos
Successfully added Helm repository storage.googleapis.com.
Adding missing Helm repo: jenkins-x-chartmuseum http://jenkins-x-chartmuseum:8080
WARNING: No secrets found on "helm/repos" due: reading the secret "helm/repos" from vault: no secret "helm/repos" not found in vault
Read credentials for http://jenkins-x-chartmuseum:8080 from vault helm/repos
Successfully added Helm repository jenkins-x-chartmuseum.
WARNING: No $CHART_REPOSITORY defined so using the default value of: http://jenkins-x-chartmuseum:8080
Adding missing Helm repo: chartmuseum.jenkins-x.io http://chartmuseum.jenkins-x.io
WARNING: No secrets found on "helm/repos" due: reading the secret "helm/repos" from vault: no secret "helm/repos" not found in vault
Read credentials for http://chartmuseum.jenkins-x.io from vault helm/repos
Successfully added Helm repository chartmuseum.jenkins-x.io.
